<?xml version="1.0" encoding="UTF-8"?>
<!-- Generated by org.testng.reporters.JUnitReportReporter -->
<testsuite skipped="0" hostname="OZDEN-iMac.ht.home" name="test_scripts.TechGlo_LinkAndPasswordTest" tests="2" failures="0" timestamp="2023-01-22T23:35:01 EST" time="15.905" errors="0">
  <testcase name="messageAfterPasswordReset" time="7.067" classname="test_scripts.TechGlo_LinkAndPasswordTest"/>
  <system-out/>
  <testcase name="validateResetPasswordLink" time="8.838" classname="test_scripts.TechGlo_LinkAndPasswordTest"/>
  <system-out/>
</testsuite> <!-- test_scripts.TechGlo_LinkAndPasswordTest -->
